<?xml version="1.0" encoding="utf-8"?><testsuites name="pytest tests"><testsuite name="pytest" errors="0" failures="0" skipped="0" tests="10" time="2.877" timestamp="2026-03-30T20:40:44.993616+00:00" hostname="agent-env-1f4ddc91-dab6-49bd-9c23-e4ba1cc433ff"><testcase classname="backend.tests.test_iteration20.TestNetworkEndpoint" name="test_network_returns_network_stats" time="0.296" /><testcase classname="backend.tests.test_iteration20.TestNetworkEndpoint" name="test_network_returns_referral_code" time="0.189" /><testcase classname="backend.tests.test_iteration20.TestMediaEndpoints" name="test_get_public_media" time="0.280" /><testcase classname="backend.tests.test_iteration20.TestMediaEndpoints" name="test_get_admin_media" time="0.334" /><testcase classname="backend.tests.test_iteration20.TestMediaEndpoints" name="test_admin_media_crud" time="0.495" /><testcase classname="backend.tests.test_iteration20.TestAdminDashboardTabs" name="test_admin_stats_endpoint" time="0.174" /><testcase classname="backend.tests.test_iteration20.TestAdminDashboardTabs" name="test_admin_financial_endpoint" time="0.202" /><testcase classname="backend.tests.test_iteration20.TestAdminDashboardTabs" name="test_admin_withdrawals_endpoint" time="0.214" /><testcase classname="backend.tests.test_iteration20.TestAdminDashboardTabs" name="test_admin_users_endpoint" time="0.178" /><testcase classname="backend.tests.test_iteration20.TestAdminDashboardTabs" name="test_admin_media_endpoint" time="0.263" /></testsuite></testsuites>