<?xml version="1.0" encoding="utf-8"?><testsuites name="pytest tests"><testsuite name="pytest" errors="0" failures="0" skipped="0" tests="16" time="4.985" timestamp="2026-03-29T12:54:37.705964+00:00" hostname="agent-env-1f4ddc91-dab6-49bd-9c23-e4ba1cc433ff"><testcase classname="backend.tests.test_admin_withdrawals_users_iter16.TestAdminWithdrawals" name="test_get_withdrawals_returns_list" time="0.473" /><testcase classname="backend.tests.test_admin_withdrawals_users_iter16.TestAdminWithdrawals" name="test_get_withdrawals_rejects_non_admin" time="0.287" /><testcase classname="backend.tests.test_admin_withdrawals_users_iter16.TestAdminWithdrawals" name="test_get_withdrawals_rejects_unauthenticated" time="0.321" /><testcase classname="backend.tests.test_admin_withdrawals_users_iter16.TestAdminWithdrawals" name="test_approve_withdrawal_success" time="0.371" /><testcase classname="backend.tests.test_admin_withdrawals_users_iter16.TestAdminWithdrawals" name="test_approve_withdrawal_rejects_amount_greater_than_balance" time="0.304" /><testcase classname="backend.tests.test_admin_withdrawals_users_iter16.TestAdminWithdrawals" name="test_approve_withdrawal_rejects_non_admin" time="0.329" /><testcase classname="backend.tests.test_admin_withdrawals_users_iter16.TestAdminWithdrawals" name="test_approve_withdrawal_rejects_invalid_establishment" time="0.258" /><testcase classname="backend.tests.test_admin_withdrawals_users_iter16.TestAdminWithdrawals" name="test_approve_withdrawal_rejects_zero_amount" time="0.325" /><testcase classname="backend.tests.test_admin_withdrawals_users_iter16.TestAdminUsers" name="test_get_users_returns_list" time="0.275" /><testcase classname="backend.tests.test_admin_withdrawals_users_iter16.TestAdminUsers" name="test_get_users_rejects_non_admin" time="0.276" /><testcase classname="backend.tests.test_admin_withdrawals_users_iter16.TestAdminUsers" name="test_get_users_rejects_unauthenticated" time="0.322" /><testcase classname="backend.tests.test_admin_withdrawals_users_iter16.TestAdminUsers" name="test_block_user_success" time="0.393" /><testcase classname="backend.tests.test_admin_withdrawals_users_iter16.TestAdminUsers" name="test_block_admin_user_rejected" time="0.323" /><testcase classname="backend.tests.test_admin_withdrawals_users_iter16.TestAdminUsers" name="test_block_user_rejects_non_admin" time="0.257" /><testcase classname="backend.tests.test_admin_withdrawals_users_iter16.TestAdminUsers" name="test_block_nonexistent_user" time="0.271" /><testcase classname="backend.tests.test_admin_withdrawals_users_iter16.TestHealthCheck" name="test_health_endpoint" time="0.103" /></testsuite></testsuites>