<?xml version="1.0" encoding="utf-8"?><testsuites name="pytest tests"><testsuite name="pytest" errors="0" failures="0" skipped="0" tests="7" time="3.933" timestamp="2026-03-29T00:20:00.427867+00:00" hostname="agent-env-1f4ddc91-dab6-49bd-9c23-e4ba1cc433ff"><testcase classname="backend.tests.test_qr_dom_fix_iter13.TestQRGenerationWithCredits" name="test_health_check" time="0.440" /><testcase classname="backend.tests.test_qr_dom_fix_iter13.TestQRGenerationWithCredits" name="test_qr_generate_with_credits_3_00" time="0.560" /><testcase classname="backend.tests.test_qr_dom_fix_iter13.TestQRGenerationWithCredits" name="test_qr_validate_returns_preview_step" time="0.468" /><testcase classname="backend.tests.test_qr_dom_fix_iter13.TestQRGenerationWithCredits" name="test_qr_confirm_finalizes_sale" time="0.575" /><testcase classname="backend.tests.test_qr_dom_fix_iter13.TestQRGenerationWithCredits" name="test_partial_credit_values" time="0.682" /><testcase classname="backend.tests.test_qr_dom_fix_iter13.TestValidationFlow" name="test_validate_with_backup_code" time="0.458" /><testcase classname="backend.tests.test_qr_dom_fix_iter13.TestValidationFlow" name="test_confirm_already_used_voucher" time="0.688" /></testsuite></testsuites>